<?xml version="1.0" encoding="UTF-8"?>
<testng-results skipped="0" failed="2" total="4" passed="2">
  <reporter-output>
  </reporter-output>
  <suite name="Suite" duration-ms="235158" started-at="2016-10-07T06:15:55Z" finished-at="2016-10-07T06:19:50Z">
    <groups>
    </groups>
    <test name="OnePointTest" duration-ms="235158" started-at="2016-10-07T06:15:55Z" finished-at="2016-10-07T06:19:50Z">
      <class name="com.onepoint.tests.TestAbsenceRequestHistory">
        <test-method status="PASS" signature="initializeTestBaseSetup(java.lang.String, java.lang.String)[pri:0, instance:com.onepoint.tests.TestAbsenceRequestHistory@482f8f11]" name="initializeTestBaseSetup" is-config="true" duration-ms="10929" started-at="2016-10-07T11:47:25Z" finished-at="2016-10-07T11:47:36Z">
          <params>
            <param index="0">
              <value>
                <![CDATA[firefox]]>
              </value>
            </param>
            <param index="1">
              <value>
                <![CDATA[http://i3lerpweb4.itcinfotech.com:8000/psp/OPPORTAL/?cmd=login&languageCd=ENG&]]>
              </value>
            </param>
          </params>
          <reporter-output>
          </reporter-output>
        </test-method> <!-- initializeTestBaseSetup -->
        <test-method status="FAIL" signature="testAbsenceRequestHistory()[pri:0, instance:com.onepoint.tests.TestAbsenceRequestHistory@482f8f11]" name="testAbsenceRequestHistory" duration-ms="120556" started-at="2016-10-07T11:47:36Z" finished-at="2016-10-07T11:49:36Z">
          <exception class="java.lang.AssertionError">
            <message>
              <![CDATA[The following asserts failed:
	No. of Annual leave balance did not match expected [3] but found [4]]]>
            </message>
            <full-stacktrace>
              <![CDATA[java.lang.AssertionError: The following asserts failed:
	No. of Annual leave balance did not match expected [3] but found [4]
	at org.testng.asserts.SoftAssert.assertAll(SoftAssert.java:43)
	at com.onepoint.tests.TestAbsenceRequestHistory.testAbsenceRequestHistory(TestAbsenceRequestHistory.java:31)
	at sun.reflect.NativeMethodAccessorImpl.invoke0(Native Method)
	at sun.reflect.NativeMethodAccessorImpl.invoke(Unknown Source)
	at sun.reflect.DelegatingMethodAccessorImpl.invoke(Unknown Source)
	at java.lang.reflect.Method.invoke(Unknown Source)
	at org.testng.internal.MethodInvocationHelper.invokeMethod(MethodInvocationHelper.java:85)
	at org.testng.internal.Invoker.invokeMethod(Invoker.java:639)
	at org.testng.internal.Invoker.invokeTestMethod(Invoker.java:816)
	at org.testng.internal.Invoker.invokeTestMethods(Invoker.java:1124)
	at org.testng.internal.TestMethodWorker.invokeTestMethods(TestMethodWorker.java:125)
	at org.testng.internal.TestMethodWorker.run(TestMethodWorker.java:108)
	at org.testng.TestRunner.privateRun(TestRunner.java:774)
	at org.testng.TestRunner.run(TestRunner.java:624)
	at org.testng.SuiteRunner.runTest(SuiteRunner.java:359)
	at org.testng.SuiteRunner.runSequentially(SuiteRunner.java:354)
	at org.testng.SuiteRunner.privateRun(SuiteRunner.java:312)
	at org.testng.SuiteRunner.run(SuiteRunner.java:261)
	at org.testng.SuiteRunnerWorker.runSuite(SuiteRunnerWorker.java:52)
	at org.testng.SuiteRunnerWorker.run(SuiteRunnerWorker.java:86)
	at org.testng.TestNG.runSuitesSequentially(TestNG.java:1215)
	at org.testng.TestNG.runSuitesLocally(TestNG.java:1140)
	at org.testng.TestNG.run(TestNG.java:1048)
	at org.testng.remote.AbstractRemoteTestNG.run(AbstractRemoteTestNG.java:126)
	at org.testng.remote.RemoteTestNG.initAndRun(RemoteTestNG.java:152)
	at org.testng.remote.RemoteTestNG.main(RemoteTestNG.java:57)
]]>
            </full-stacktrace>
          </exception> <!-- java.lang.AssertionError -->
          <reporter-output>
          </reporter-output>
        </test-method> <!-- testAbsenceRequestHistory -->
        <test-method status="PASS" signature="takeScreenShotOnFailure(org.testng.ITestResult)[pri:0, instance:com.onepoint.tests.TestAbsenceRequestHistory@482f8f11]" name="takeScreenShotOnFailure" is-config="true" duration-ms="131" started-at="2016-10-07T11:49:36Z" finished-at="2016-10-07T11:49:37Z">
          <params>
            <param index="0">
              <value>
                <![CDATA[[TestResult name=testAbsenceRequestHistory status=FAILURE method=TestAbsenceRequestHistory.testAbsenceRequestHistory()[pri:0, instance:com.onepoint.tests.TestAbsenceRequestHistory@482f8f11] output={null}]]]>
              </value>
            </param>
          </params>
          <reporter-output>
          </reporter-output>
        </test-method> <!-- takeScreenShotOnFailure -->
        <test-method status="PASS" signature="tearDown()[pri:0, instance:com.onepoint.tests.TestAbsenceRequestHistory@482f8f11]" name="tearDown" is-config="true" duration-ms="558" started-at="2016-10-07T11:49:37Z" finished-at="2016-10-07T11:49:37Z">
          <reporter-output>
          </reporter-output>
        </test-method> <!-- tearDown -->
      </class> <!-- com.onepoint.tests.TestAbsenceRequestHistory -->
      <class name="com.onepoint.tests.TestAbsenceBalance">
        <test-method status="PASS" signature="initializeTestBaseSetup(java.lang.String, java.lang.String)[pri:0, instance:com.onepoint.tests.TestAbsenceBalance@51565ec2]" name="initializeTestBaseSetup" is-config="true" duration-ms="10390" started-at="2016-10-07T11:46:13Z" finished-at="2016-10-07T11:46:24Z">
          <params>
            <param index="0">
              <value>
                <![CDATA[firefox]]>
              </value>
            </param>
            <param index="1">
              <value>
                <![CDATA[http://i3lerpweb4.itcinfotech.com:8000/psp/OPPORTAL/?cmd=login&languageCd=ENG&]]>
              </value>
            </param>
          </params>
          <reporter-output>
          </reporter-output>
        </test-method> <!-- initializeTestBaseSetup -->
        <test-method status="FAIL" signature="testAbsenceBalance()[pri:0, instance:com.onepoint.tests.TestAbsenceBalance@51565ec2]" name="testAbsenceBalance" duration-ms="60488" started-at="2016-10-07T11:46:24Z" finished-at="2016-10-07T11:47:24Z">
          <exception class="java.lang.AssertionError">
            <message>
              <![CDATA[Sick leave balance did not match expected [9.0] but found [8.0]]]>
            </message>
            <full-stacktrace>
              <![CDATA[java.lang.AssertionError: Sick leave balance did not match expected [9.0] but found [8.0]
	at org.testng.Assert.fail(Assert.java:94)
	at org.testng.Assert.failNotEquals(Assert.java:496)
	at org.testng.Assert.assertEquals(Assert.java:125)
	at com.onepoint.tests.TestAbsenceBalance.testAbsenceBalance(TestAbsenceBalance.java:25)
	at sun.reflect.NativeMethodAccessorImpl.invoke0(Native Method)
	at sun.reflect.NativeMethodAccessorImpl.invoke(Unknown Source)
	at sun.reflect.DelegatingMethodAccessorImpl.invoke(Unknown Source)
	at java.lang.reflect.Method.invoke(Unknown Source)
	at org.testng.internal.MethodInvocationHelper.invokeMethod(MethodInvocationHelper.java:85)
	at org.testng.internal.Invoker.invokeMethod(Invoker.java:639)
	at org.testng.internal.Invoker.invokeTestMethod(Invoker.java:816)
	at org.testng.internal.Invoker.invokeTestMethods(Invoker.java:1124)
	at org.testng.internal.TestMethodWorker.invokeTestMethods(TestMethodWorker.java:125)
	at org.testng.internal.TestMethodWorker.run(TestMethodWorker.java:108)
	at org.testng.TestRunner.privateRun(TestRunner.java:774)
	at org.testng.TestRunner.run(TestRunner.java:624)
	at org.testng.SuiteRunner.runTest(SuiteRunner.java:359)
	at org.testng.SuiteRunner.runSequentially(SuiteRunner.java:354)
	at org.testng.SuiteRunner.privateRun(SuiteRunner.java:312)
	at org.testng.SuiteRunner.run(SuiteRunner.java:261)
	at org.testng.SuiteRunnerWorker.runSuite(SuiteRunnerWorker.java:52)
	at org.testng.SuiteRunnerWorker.run(SuiteRunnerWorker.java:86)
	at org.testng.TestNG.runSuitesSequentially(TestNG.java:1215)
	at org.testng.TestNG.runSuitesLocally(TestNG.java:1140)
	at org.testng.TestNG.run(TestNG.java:1048)
	at org.testng.remote.AbstractRemoteTestNG.run(AbstractRemoteTestNG.java:126)
	at org.testng.remote.RemoteTestNG.initAndRun(RemoteTestNG.java:152)
	at org.testng.remote.RemoteTestNG.main(RemoteTestNG.java:57)
]]>
            </full-stacktrace>
          </exception> <!-- java.lang.AssertionError -->
          <reporter-output>
          </reporter-output>
        </test-method> <!-- testAbsenceBalance -->
        <test-method status="PASS" signature="takeScreenShotOnFailure(org.testng.ITestResult)[pri:0, instance:com.onepoint.tests.TestAbsenceBalance@51565ec2]" name="takeScreenShotOnFailure" is-config="true" duration-ms="155" started-at="2016-10-07T11:47:24Z" finished-at="2016-10-07T11:47:25Z">
          <params>
            <param index="0">
              <value>
                <![CDATA[[TestResult name=testAbsenceBalance status=FAILURE method=TestAbsenceBalance.testAbsenceBalance()[pri:0, instance:com.onepoint.tests.TestAbsenceBalance@51565ec2] output={null}]]]>
              </value>
            </param>
          </params>
          <reporter-output>
          </reporter-output>
        </test-method> <!-- takeScreenShotOnFailure -->
        <test-method status="PASS" signature="tearDown()[pri:0, instance:com.onepoint.tests.TestAbsenceBalance@51565ec2]" name="tearDown" is-config="true" duration-ms="438" started-at="2016-10-07T11:47:25Z" finished-at="2016-10-07T11:47:25Z">
          <reporter-output>
          </reporter-output>
        </test-method> <!-- tearDown -->
      </class> <!-- com.onepoint.tests.TestAbsenceBalance -->
      <class name="com.onepoint.tests.TestTimesheetCreate">
        <test-method status="PASS" signature="initializeTestBaseSetup(java.lang.String, java.lang.String)[pri:0, instance:com.onepoint.tests.TestTimesheetCreate@1593948d]" name="initializeTestBaseSetup" is-config="true" duration-ms="10318" started-at="2016-10-07T11:49:37Z" finished-at="2016-10-07T11:49:47Z">
          <params>
            <param index="0">
              <value>
                <![CDATA[firefox]]>
              </value>
            </param>
            <param index="1">
              <value>
                <![CDATA[http://i3lerpweb4.itcinfotech.com:8000/psp/OPPORTAL/?cmd=login&languageCd=ENG&]]>
              </value>
            </param>
          </params>
          <reporter-output>
          </reporter-output>
        </test-method> <!-- initializeTestBaseSetup -->
        <test-method status="PASS" signature="testTimesheetCreate()[pri:0, instance:com.onepoint.tests.TestTimesheetCreate@1593948d]" name="testTimesheetCreate" duration-ms="2476" started-at="2016-10-07T11:49:47Z" finished-at="2016-10-07T11:49:50Z">
          <reporter-output>
          </reporter-output>
        </test-method> <!-- testTimesheetCreate -->
        <test-method status="PASS" signature="tearDown()[pri:0, instance:com.onepoint.tests.TestTimesheetCreate@1593948d]" name="tearDown" is-config="true" duration-ms="475" started-at="2016-10-07T11:49:50Z" finished-at="2016-10-07T11:49:50Z">
          <reporter-output>
          </reporter-output>
        </test-method> <!-- tearDown -->
        <test-method status="PASS" signature="takeScreenShotOnFailure(org.testng.ITestResult)[pri:0, instance:com.onepoint.tests.TestTimesheetCreate@1593948d]" name="takeScreenShotOnFailure" is-config="true" duration-ms="0" started-at="2016-10-07T11:49:50Z" finished-at="2016-10-07T11:49:50Z">
          <params>
            <param index="0">
              <value>
                <![CDATA[[TestResult name=testTimesheetCreate status=SUCCESS method=TestTimesheetCreate.testTimesheetCreate()[pri:0, instance:com.onepoint.tests.TestTimesheetCreate@1593948d] output={null}]]]>
              </value>
            </param>
          </params>
          <reporter-output>
          </reporter-output>
        </test-method> <!-- takeScreenShotOnFailure -->
      </class> <!-- com.onepoint.tests.TestTimesheetCreate -->
      <class name="com.onepoint.tests.TestOnDutyReporting">
        <test-method status="PASS" signature="initializeTestBaseSetup(java.lang.String, java.lang.String)[pri:0, instance:com.onepoint.tests.TestOnDutyReporting@675d3402]" name="initializeTestBaseSetup" is-config="true" duration-ms="12887" started-at="2016-10-07T11:45:55Z" finished-at="2016-10-07T11:46:08Z">
          <params>
            <param index="0">
              <value>
                <![CDATA[firefox]]>
              </value>
            </param>
            <param index="1">
              <value>
                <![CDATA[http://i3lerpweb4.itcinfotech.com:8000/psp/OPPORTAL/?cmd=login&languageCd=ENG&]]>
              </value>
            </param>
          </params>
          <reporter-output>
          </reporter-output>
        </test-method> <!-- initializeTestBaseSetup -->
        <test-method status="PASS" signature="testOnDutyReporting()[pri:0, instance:com.onepoint.tests.TestOnDutyReporting@675d3402]" name="testOnDutyReporting" duration-ms="3704" started-at="2016-10-07T11:46:08Z" finished-at="2016-10-07T11:46:12Z">
          <reporter-output>
          </reporter-output>
        </test-method> <!-- testOnDutyReporting -->
        <test-method status="PASS" signature="tearDown()[pri:0, instance:com.onepoint.tests.TestOnDutyReporting@675d3402]" name="tearDown" is-config="true" duration-ms="1612" started-at="2016-10-07T11:46:12Z" finished-at="2016-10-07T11:46:13Z">
          <reporter-output>
          </reporter-output>
        </test-method> <!-- tearDown -->
        <test-method status="PASS" signature="takeScreenShotOnFailure(org.testng.ITestResult)[pri:0, instance:com.onepoint.tests.TestOnDutyReporting@675d3402]" name="takeScreenShotOnFailure" is-config="true" duration-ms="0" started-at="2016-10-07T11:46:12Z" finished-at="2016-10-07T11:46:12Z">
          <params>
            <param index="0">
              <value>
                <![CDATA[[TestResult name=testOnDutyReporting status=SUCCESS method=TestOnDutyReporting.testOnDutyReporting()[pri:0, instance:com.onepoint.tests.TestOnDutyReporting@675d3402] output={null}]]]>
              </value>
            </param>
          </params>
          <reporter-output>
          </reporter-output>
        </test-method> <!-- takeScreenShotOnFailure -->
      </class> <!-- com.onepoint.tests.TestOnDutyReporting -->
    </test> <!-- OnePointTest -->
  </suite> <!-- Suite -->
</testng-results>
